<?xml version="1.0" encoding="UTF-8"?>
<testsuite xmlns:xsi="http://www.w3.org/2001/XMLSchema-instance" xsi:noNamespaceSchemaLocation="https://maven.apache.org/surefire/maven-surefire-plugin/xsd/surefire-test-report.xsd" name="portfolio.datastructure.linkedlist.LinkedListTest" time="0.001" tests="8" errors="0" skipped="0" failures="0">
  <properties>
[...]
</properties>
  <testcase name="testDelete_EmptyList" classname="portfolio.datastructure.linkedlist.LinkedListTest" time="0"/>
  <testcase name="testDeleteSpecific_ElementIsNotTheFirstInTheList" classname="portfolio.datastructure.linkedlist.LinkedListTest" time="0"/>
  <testcase name="testDeleteSpecific_SingleItemInList" classname="portfolio.datastructure.linkedlist.LinkedListTest" time="0"/>
  <testcase name="testDeleteSpecific_NotInList" classname="portfolio.datastructure.linkedlist.LinkedListTest" time="0"/>
  <testcase name="testInsert_Length_Search_ToArray" classname="portfolio.datastructure.linkedlist.LinkedListTest" time="0"/>
  <testcase name="testConstruction_Length_Search_ToArray" classname="portfolio.datastructure.linkedlist.LinkedListTest" time="0"/>
  <testcase name="testDelete_SingleItemInList" classname="portfolio.datastructure.linkedlist.LinkedListTest" time="0"/>
  <testcase name="testDeleteSpecific_EmptyList" classname="portfolio.datastructure.linkedlist.LinkedListTest" time="0"/>
</testsuite>